<?xml version="1.0" encoding="UTF-8"?>
<testng-results ignored="0" total="1" passed="1" failed="0" skipped="0">
  <reporter-output>
  </reporter-output>
  <suite started-at="2023-09-14T13:09:07 IDT" name="Default suite" finished-at="2023-09-14T13:10:15 IDT" duration-ms="68219">
    <groups>
    </groups>
    <test started-at="2023-09-14T13:09:07 IDT" name="Default test" finished-at="2023-09-14T13:10:15 IDT" duration-ms="68219">
      <class name="src.ShoppingCartValidation">
        <test-method is-config="true" signature="setup()[pri:0, instance:src.ShoppingCartValidation@5149d738]" started-at="2023-09-14T13:09:07 IDT" name="setup" finished-at="2023-09-14T13:09:10 IDT" duration-ms="3140" status="PASS">
          <reporter-output>
          </reporter-output>
        </test-method> <!-- setup -->
        <test-method signature="testLoginWithMultipleUsers()[pri:2, instance:src.ShoppingCartValidation@5149d738]" started-at="2023-09-14T13:09:10 IDT" name="testLoginWithMultipleUsers" finished-at="2023-09-14T13:10:14 IDT" duration-ms="64379" status="PASS">
          <reporter-output>
          </reporter-output>
        </test-method> <!-- testLoginWithMultipleUsers -->
        <test-method is-config="true" signature="tearDown()[pri:0, instance:src.ShoppingCartValidation@5149d738]" started-at="2023-09-14T13:10:14 IDT" name="tearDown" finished-at="2023-09-14T13:10:15 IDT" duration-ms="623" status="PASS">
          <reporter-output>
          </reporter-output>
        </test-method> <!-- tearDown -->
      </class> <!-- src.ShoppingCartValidation -->
    </test> <!-- Default test -->
  </suite> <!-- Default suite -->
</testng-results>
