<?xml version="1.0" encoding="UTF-8"?>
<testng-results ignored="0" total="1" passed="1" failed="0" skipped="0">
  <reporter-output>
  </reporter-output>
  <suite started-at="2023-09-14T14:31:46 IDT" name="Default suite" finished-at="2023-09-14T14:33:18 IDT" duration-ms="91609">
    <groups>
    </groups>
    <test started-at="2023-09-14T14:31:46 IDT" name="Default test" finished-at="2023-09-14T14:33:18 IDT" duration-ms="91609">
      <class name="src.ShoppingCartValidation">
        <test-method is-config="true" signature="setup()[pri:0, instance:src.ShoppingCartValidation@5149d738]" started-at="2023-09-14T14:31:46 IDT" name="setup" finished-at="2023-09-14T14:31:48 IDT" duration-ms="1473" status="PASS">
          <reporter-output>
          </reporter-output>
        </test-method> <!-- setup -->
        <test-method signature="testLoginWithMultipleUsers()[pri:0, instance:src.ShoppingCartValidation@5149d738]" started-at="2023-09-14T14:31:48 IDT" name="testLoginWithMultipleUsers" finished-at="2023-09-14T14:33:18 IDT" duration-ms="89803" status="PASS">
          <reporter-output>
          </reporter-output>
        </test-method> <!-- testLoginWithMultipleUsers -->
        <test-method is-config="true" signature="tearDown()[pri:0, instance:src.ShoppingCartValidation@5149d738]" started-at="2023-09-14T14:33:18 IDT" name="tearDown" finished-at="2023-09-14T14:33:18 IDT" duration-ms="303" status="PASS">
          <reporter-output>
          </reporter-output>
        </test-method> <!-- tearDown -->
      </class> <!-- src.ShoppingCartValidation -->
    </test> <!-- Default test -->
  </suite> <!-- Default suite -->
</testng-results>
